app/build/outputs/mapping/debug/seeds.txt
com.aikonia.app.ui.activity.MainActivity
com.aikonia.app.data.source.local.ConversAIDatabase
com.aikonia.app.ui.startchat.StartChatViewModel
com.aikonia.app.ui.settings.SettingsViewModel
com.aikonia.app.ConversAIApp
com.aikonia.app.ui.language.LanguageViewModel
com.aikonia.app.common.FirebaseService
com.aikonia.app.ui.welcome.WelcomeScreenViewModel
com.aikonia.app.ui.history.HistoryViewModel
com.aikonia.app.ui.chat.ChatViewModel
com.aikonia.app.data.source.local.ConversAIDatabase_Impl
com.aikonia.app.ui.upgrade.UpgradeViewModel
com.aikonia.app.ConversAIApp_GeneratedInjector
com.aikonia.app.ui.activity.MainActivity_GeneratedInjector
com.aikonia.app.ui.activity.MainActivityViewModel
com.aikonia.app.data.model.MessageModel: MessageModel()
com.aikonia.app.ui.activity.MainActivity: MainActivity()
com.aikonia.app.Hilt_ConversAIApp: Hilt_ConversAIApp()
com.aikonia.app.data.model.ConversationModel: ConversationModel()
com.aikonia.app.common.FirebaseService: FirebaseService()
com.aikonia.app.data.source.local.ConversAIDatabase: ConversAIDatabase()
com.aikonia.app.ConversAIApp: ConversAIApp()
com.aikonia.app.data.source.local.ConversAIDatabase_Impl: ConversAIDatabase_Impl()
com.aikonia.app.ui.activity.Hilt_MainActivity: Hilt_MainActivity()
...
androidx.vectordrawable.graphics.drawable.VectorDrawableCompat$VObject: VectorDrawableCompat$VObject()
me.zhanghai.android.materialprogressbar.BuildConfig: BuildConfig()
androidx.appcompat.widget.AppCompatImageButton: void setSupportBackgroundTintMode(android.graphics.PorterDuff$Mode)
com.google.android.gms.ads.MobileAds: void setPlugin(java.lang.String)
androidx.lifecycle.SavedStateHandle: SavedStateHandle()
com.google.android.gms.internal.firebase-auth-api.zzgg: zzgg()
com.google.android.material.textfield.TextInputLayout: android.graphics.Typeface getTypeface()
androidx.core.view.ViewCompat$Api18Impl: boolean isInLayout(android.view.View)
me.zhanghai.android.materialprogressbar.MaterialProgressBar: android.content.res.ColorStateList getSupportSecondaryProgressTintList()
com.google.android.material.floatingactionbutton.FloatingActionButton$Behavior: FloatingActionButton$Behavior()
com.google.android.gms.internal.firebase-auth-api.zzgu: zzgu()
me.zhanghai.android.materialprogressbar.IndeterminateCircularProgressDrawable$RingPathTransform: void setTrimPathEnd(float)
androidx.appcompat.app.AlertDialog$Builder: android.content.Context getContext()
androidx.appcompat.widget.AppCompatTextView: void setLastBaselineToBottomHeight(int)
androidx.core.widget.NestedScrollView: float getVerticalScrollFactorCompat()
com.google.android.material.appbar.MaterialToolbar: void setNavigationIcon(android.graphics.drawable.Drawable)
me.zhanghai.android.materialprogressbar.MaterialProgressBar: android.content.res.ColorStateList getSupportProgressTintList()
com.google.android.exoplayer2.ui.TrackSelectionView: void setAllowAdaptiveSelections(boolean)
me.zhanghai.android.materialprogressbar.internal.DrawableContainerCompat$DrawableContainerState: boolean isConstantSize()
com.google.android.material.button.MaterialButtonToggleGroup: MaterialButtonToggleGroup(android.content.Context,android.util.AttributeSet)
androidx.core.view.WindowInsetsCompat$BuilderImpl29: void setSystemGestureInsets(androidx.core.graphics.Insets)
kotlin.jvm.internal.Intrinsics: Intrinsics()
com.google.android.gms.internal.ads.zzbbh: zzbbh()
com.google.android.datatransport.cct.internal.NetworkConnectionInfo: NetworkConnectionInfo()
com.google.android.gms.internal.ads.zzgqb: zzgqb()
androidx.core.app.NotificationCompat$BigTextStyle$Api16Impl: android.app.Notification$BigTextStyle setBigContentTitle(android.app.Notification$BigTextStyle,java.lang.CharSequence)
me.zhanghai.android.materialprogressbar.BaseSingleHorizontalProgressDrawable: int getIntrinsicHeight()
me.zhanghai.android.materialprogressbar.internal.AnimationScaleListDrawableCompat: void start()
com.google.android.material.textfield.TextInputLayout: int getPlaceholderTextAppearance()
android.support.v4.media.session.PlaybackStateCompat$Api22Impl: android.os.Bundle getExtras(android.media.session.PlaybackState)
androidx.appcompat.widget.Toolbar: android.view.Menu getMenu()
me.zhanghai.android.materialprogressbar.Interpolators: Interpolators()
androidx.appcompat.widget.AppCompatMultiAutoCompleteTextView: void setEmojiCompatEnabled(boolean)
androidx.constraintlayout.solver.ArrayRow: ArrayRow()
androidx.appcompat.widget.AppCompatTextView: int getAutoSizeStepGranularity()
androidx.core.view.animation.PathInterpolatorCompat$Api21Impl: android.view.animation.Interpolator createPathInterpolator(float,float,float,float)
com.google.android.gms.internal.ads.zzbsh: void requestInterstitialAd(android.content.Context,com.google.android.gms.ads.mediation.MediationInterstitialListener,android.os.Bundle,com.google.android.gms.ads.mediation.MediationAdRequest,android.os.Bundle)
androidx.appcompat.view.menu.ActionMenuItemView: ActionMenuItemView(android.content.Context,android.util.AttributeSet)
com.google.android.gms.internal.ads.zzazd: zzazd()
com.google.android.material.textfield.TextInputLayout: void setPasswordVisibilityToggleContentDescription(java.lang.CharSequence)